<?xml version="1.0" encoding="UTF-8"?>
<testng-results ignored="0" total="7" passed="7" failed="0" skipped="0">
  <reporter-output>
  </reporter-output>
  <suite started-at="2022-08-31T15:15:14 BDT" name="Default suite" finished-at="2022-08-31T15:16:08 BDT" duration-ms="54100">
    <groups>
    </groups>
    <test started-at="2022-08-31T15:15:14 BDT" name="Default test" finished-at="2022-08-31T15:16:08 BDT" duration-ms="54100">
      <class name="org.bd.bikroy.bikroyhome">
        <test-method is-config="true" signature="open()[pri:0, instance:org.bd.bikroy.bikroyhome@36916eb0]" started-at="2022-08-31T15:15:10 BDT" name="open" finished-at="2022-08-31T15:15:14 BDT" duration-ms="3314" status="PASS">
          <reporter-output>
          </reporter-output>
        </test-method> <!-- open -->
        <test-method signature="openurl()[pri:0, instance:org.bd.bikroy.bikroyhome@36916eb0]" started-at="2022-08-31T15:15:14 BDT" name="openurl" finished-at="2022-08-31T15:15:24 BDT" duration-ms="10558" status="PASS">
          <reporter-output>
          </reporter-output>
        </test-method> <!-- openurl -->
        <test-method signature="login()[pri:1, instance:org.bd.bikroy.bikroyhome@36916eb0]" started-at="2022-08-31T15:15:24 BDT" name="login" finished-at="2022-08-31T15:15:29 BDT" duration-ms="5108" status="PASS">
          <reporter-output>
          </reporter-output>
        </test-method> <!-- login -->
        <test-method signature="loginemail()[pri:2, instance:org.bd.bikroy.bikroyhome@36916eb0]" started-at="2022-08-31T15:15:29 BDT" name="loginemail" finished-at="2022-08-31T15:15:35 BDT" duration-ms="5074" status="PASS">
          <reporter-output>
          </reporter-output>
        </test-method> <!-- loginemail -->
        <test-method signature="loginnfo()[pri:3, instance:org.bd.bikroy.bikroyhome@36916eb0]" started-at="2022-08-31T15:15:35 BDT" name="loginnfo" finished-at="2022-08-31T15:15:40 BDT" duration-ms="5199" status="PASS">
          <reporter-output>
          </reporter-output>
        </test-method> <!-- loginnfo -->
        <test-method signature="loginbutton()[pri:4, instance:org.bd.bikroy.bikroyhome@36916eb0]" started-at="2022-08-31T15:15:40 BDT" name="loginbutton" finished-at="2022-08-31T15:15:45 BDT" duration-ms="5110" status="PASS">
          <reporter-output>
          </reporter-output>
        </test-method> <!-- loginbutton -->
        <test-method signature="locationbtn()[pri:5, instance:org.bd.bikroy.bikroyhome@36916eb0]" started-at="2022-08-31T15:15:45 BDT" name="locationbtn" finished-at="2022-08-31T15:16:03 BDT" duration-ms="17910" status="PASS">
          <reporter-output>
          </reporter-output>
        </test-method> <!-- locationbtn -->
        <test-method signature="locationslct()[pri:6, instance:org.bd.bikroy.bikroyhome@36916eb0]" started-at="2022-08-31T15:16:03 BDT" name="locationslct" finished-at="2022-08-31T15:16:08 BDT" duration-ms="5107" status="PASS">
          <reporter-output>
          </reporter-output>
        </test-method> <!-- locationslct -->
        <test-method is-config="true" signature="stop()[pri:0, instance:org.bd.bikroy.bikroyhome@36916eb0]" started-at="2022-08-31T15:16:08 BDT" name="stop" finished-at="2022-08-31T15:16:08 BDT" duration-ms="173" status="PASS">
          <reporter-output>
          </reporter-output>
        </test-method> <!-- stop -->
      </class> <!-- org.bd.bikroy.bikroyhome -->
    </test> <!-- Default test -->
  </suite> <!-- Default suite -->
</testng-results>
