<?xml version="1.0" encoding="UTF-8"?>
<!-- Generated by org.testng.reporters.JUnitXMLReporter -->
<testsuite ignored="0" hostname="DESKTOP-K3MHIRS" failures="0" tests="7" name="Default test" time="54.1" errors="0" timestamp="2022-08-31T15:16:08 BDT">
  <testcase classname="org.bd.bikroy.bikroyhome" name="openurl" time="10.558"/>
  <testcase classname="org.bd.bikroy.bikroyhome" name="login" time="5.108"/>
  <testcase classname="org.bd.bikroy.bikroyhome" name="loginemail" time="5.074"/>
  <testcase classname="org.bd.bikroy.bikroyhome" name="loginnfo" time="5.199"/>
  <testcase classname="org.bd.bikroy.bikroyhome" name="loginbutton" time="5.11"/>
  <testcase classname="org.bd.bikroy.bikroyhome" name="locationbtn" time="17.91"/>
  <testcase classname="org.bd.bikroy.bikroyhome" name="locationslct" time="5.107"/>
</testsuite> <!-- Default test -->
